<?xml version="1.0" encoding="UTF-8"?>
<!-- Generated by org.testng.reporters.JUnitXMLReporter -->
<testsuite hostname="DESKTOP-S313SAP" name="Default test" tests="6" failures="0" timestamp="7 Apr 2019 03:42:25 GMT" time="1.116" errors="0">
  <testcase name="feature" time="0.259" classname="Runners.MainRunner"/>
  <testcase name="feature" time="0.026" classname="Runners.MainRunner"/>
  <testcase name="feature" time="0.024" classname="Runners.MainRunner"/>
  <testcase name="feature" time="0.05" classname="Runners.MainRunner"/>
  <testcase name="feature" time="0.015" classname="Runners.MainRunner"/>
  <testcase name="feature" time="0.011" classname="Runners.MainRunner"/>
</testsuite> <!-- Default test -->
