<?xml version="1.0" encoding="UTF-8"?>
<testng-results skipped="0" failed="0" total="0" passed="0">
  <reporter-output>
  </reporter-output>
  <suite name="Main Test Suite" duration-ms="413305" started-at="2019-04-13T18:50:32Z" finished-at="2019-04-13T18:57:25Z">
    <groups>
    </groups>
    <test name="Cucumber Tests" duration-ms="413305" started-at="2019-04-13T18:50:32Z" finished-at="2019-04-13T18:57:25Z">
    </test> <!-- Cucumber Tests -->
  </suite> <!-- Main Test Suite -->
</testng-results>
